f:\project6.0\project5.0\project4.0\x64\debug\vc141.pdb
f:\project6.0\project5.0\project4.0\x64\debug\vc141.idb
f:\project6.0\project5.0\project4.0\x64\debug\projet.obj
f:\project6.0\project5.0\project4.0\x64\debug\pch.obj
f:\project6.0\project5.0\project4.0\x64\debug\console.obj
f:\project6.0\project5.0\project4.0\x64\debug\bodymanager.obj
f:\project6.0\project5.0\project4.0\x64\debug\body.obj
f:\project6.0\project5.0\x64\debug\project final.ilk
f:\project6.0\project5.0\x64\debug\project final.exe
f:\project6.0\project5.0\x64\debug\project final.pdb
f:\project final\project5.0\project4.0\x64\debug\projet.obj
f:\project final\project5.0\project4.0\x64\debug\pch.obj
f:\project final\project5.0\project4.0\x64\debug\console.obj
f:\project final\project5.0\project4.0\x64\debug\bodymanager.obj
f:\project final\project5.0\project4.0\x64\debug\body.obj
f:\project final\project5.0\project4.0\x64\debug\vc141.idb
f:\project final\project5.0\project4.0\x64\debug\vc141.pdb
f:\project final\project5.0\x64\debug\project final.pdb
f:\project final\project5.0\x64\debug\project final.exe
f:\project final\project5.0\x64\debug\project final.ilk
f:\project final\project5.0\project4.0\x64\debug\project final.tlog\cl.read.1.tlog
f:\project final\project5.0\project4.0\x64\debug\project final.tlog\cl.write.1.tlog
f:\project final\project5.0\project4.0\x64\debug\project final.tlog\cl.command.1.tlog
f:\project final\project5.0\project4.0\x64\debug\project final.tlog\link.read.1.tlog
f:\project final\project5.0\project4.0\x64\debug\project final.tlog\link.write.1.tlog
f:\project final\project5.0\project4.0\x64\debug\project final.tlog\link.command.1.tlog
