c:\users\hasee\documents\wechat files\lijiale361100\files\project5.0\project5.0\project4.0\debug\vc141.pdb
c:\users\hasee\documents\wechat files\lijiale361100\files\project5.0\project5.0\project4.0\debug\vc141.idb
c:\users\hasee\documents\wechat files\lijiale361100\files\project5.0\project5.0\project4.0\debug\projet.obj
c:\users\hasee\documents\wechat files\lijiale361100\files\project5.0\project5.0\project4.0\debug\pch.obj
c:\users\hasee\documents\wechat files\lijiale361100\files\project5.0\project5.0\project4.0\debug\console.obj
c:\users\hasee\documents\wechat files\lijiale361100\files\project5.0\project5.0\project4.0\debug\bodymanager.obj
c:\users\hasee\documents\wechat files\lijiale361100\files\project5.0\project5.0\project4.0\debug\body.obj
c:\users\hasee\documents\wechat files\lijiale361100\files\project5.0\project5.0\debug\project4.0.exe
c:\users\hasee\documents\wechat files\lijiale361100\files\project5.0\project5.0\debug\project4.0.ilk
c:\users\hasee\documents\wechat files\lijiale361100\files\project5.0\project5.0\debug\project4.0.pdb
c:\users\acer\desktop\project5.0\project5.0\project4.0\debug\body.obj
c:\users\acer\desktop\project5.0\project5.0\project4.0\debug\bodymanager.obj
c:\users\acer\desktop\project5.0\project5.0\project4.0\debug\console.obj
c:\users\acer\desktop\project5.0\project5.0\project4.0\debug\pch.obj
c:\users\acer\desktop\project5.0\project5.0\project4.0\debug\projet.obj
c:\users\acer\desktop\project5.0\project5.0\project4.0\debug\vc141.idb
c:\users\acer\desktop\project5.0\project5.0\project4.0\debug\vc141.pdb
c:\users\acer\desktop\project5.0\project5.0\debug\project4.0.pdb
c:\users\acer\desktop\project5.0\project5.0\debug\project4.0.exe
c:\users\acer\desktop\project5.0\project5.0\debug\project4.0.ilk
c:\users\acer\desktop\project5.0\project5.0\project4.0\debug\project4.0.tlog\cl.command.1.tlog
c:\users\acer\desktop\project5.0\project5.0\project4.0\debug\project4.0.tlog\cl.read.1.tlog
c:\users\acer\desktop\project5.0\project5.0\project4.0\debug\project4.0.tlog\cl.write.1.tlog
c:\users\acer\desktop\project5.0\project5.0\project4.0\debug\project4.0.tlog\link.command.1.tlog
c:\users\acer\desktop\project5.0\project5.0\project4.0\debug\project4.0.tlog\link.read.1.tlog
c:\users\acer\desktop\project5.0\project5.0\project4.0\debug\project4.0.tlog\link.write.1.tlog
